<?xml version="1.0" encoding="UTF-8"?>
<!-- Generated by org.testng.reporters.JUnitReportReporter -->
<testsuite skipped="0" hostname="ETPL105" name="testPackage.FlightBookingTest" tests="1" failures="0" timestamp="14 Nov 2018 07:15:04 GMT" time="29.113" errors="0">
  <testcase name="testThatResultsAppearForAOneWayJourney" time="29.113" classname="testPackage.FlightBookingTest"/>
</testsuite> <!-- testPackage.FlightBookingTest -->
