<?xml version="1.0" encoding="UTF-8"?>
<!-- Generated by org.testng.reporters.JUnitReportReporter -->
<testsuite skipped="0" hostname="ETPL105" name="testPackage.SignInTest" tests="1" failures="0" timestamp="14 Nov 2018 06:37:15 GMT" time="19.169" errors="0">
  <testcase name="shouldThrowAnErrorIfSignInDetailsAreMissing" time="19.169" classname="testPackage.SignInTest"/>
</testsuite> <!-- testPackage.SignInTest -->
