<?xml version="1.0" encoding="UTF-8"?>
<!-- Generated by org.testng.reporters.JUnitReportReporter -->
<testsuite skipped="0" hostname="ETPL105" name="testPackage.HotelBookingTest" tests="1" failures="0" timestamp="14 Nov 2018 07:13:17 GMT" time="15.750" errors="0">
  <testcase name="shouldBeAbleToSearchForHotels" time="15.750" classname="testPackage.HotelBookingTest"/>
</testsuite> <!-- testPackage.HotelBookingTest -->
